


ARM Macro Assembler    Page 1 


    1 00000000                 thumb
    2 00000000                 area             reset, data, readonly
    3 00000000                 import           reimdft
    4 00000000                 import           TabCos
    5 00000000                 import           TabSin
    6 00000000                 export           m2
    7 00000000                 area             fonction, code, readonly
    8 00000000         
    9 00000000         m2      PROC
   10 00000000 B570            push             {r4,r5,r6,LR}
   11 00000002         ; reimdft(=TabSig, k, =TabCos/TabSin)
   12 00000002         ; l'adresse de TabSig est dans r0, k est dans r1
   13 00000002 4604            mov              r4, r0      ; on met l'adresse 
                                                            de TabSig dans r4
   14 00000004         
   15 00000004 4A06            ldr              r2,=TabCos
   16 00000006 F7FF FFFE       BL               reimdft     ; appel de reimdft 
                                                            avec cos (calcul de
                                                             Re(k), retour dans
                                                             r0)
   17 0000000A FB80 5600       smull            r5,r6,r0,r0 ; calcul de Re² : o
                                                            n garde 32 bits. PO
                                                            INT D'ARRET : Re(k)
                                                             dans R0
   18 0000000E         
   19 0000000E 4620            mov              r0, r4      ; on remet l'adress
                                                            e de TabSig dans r0
                                                            
   20 00000010 4A04            ldr              r2,=TabSin
   21 00000012         
   22 00000012 F7FF FFFE       BL               reimdft     ; appel de reimdft 
                                                            avec sin (calcul de
                                                             Im(k), retour dans
                                                             r0)
   23 00000016 FBC0 5600       smlal            r5,r6, r0,r0 ; calcul de Im² : 
                                                            on garde 32 bits. P
                                                            OINT D'ARRET : Im(k
                                                            ) dans R0
   24 0000001A 4630            mov              r0,r6       ; on ajoute Re² à I
                                                            m²
   25 0000001C         
   26 0000001C BD70            pop{r4,r5,r6,PC}
   27 0000001E                 ENDP
   28 0000001E                 END
              00 00 00000000 
              00000000 
Command Line: --debug --xref --diag_suppress=9931 --cpu=Cortex-M3 --apcs=interw
ork --depend=.\objects\m2.d -o.\objects\m2.o -I.\RTE\_Target_1 -IC:\Users\Pierr
e\AppData\Local\Arm\Packs\ARM\CMSIS\5.6.0\Device\ARM\ARMCM3\Include -I"C:\Progr
am Files\Keil_v5\ARM\CMSIS\Include" --predefine="__EVAL SETA 1" --predefine="__
MICROLIB SETA 1" --predefine="__UVISION_VERSION SETA 529" --predefine="ARMCM3 S
ETA 1" --list=.\listings\m2.lst m2.s



ARM Macro Assembler    Page 1 Alphabetic symbol ordering
Relocatable symbols

reset 00000000

Symbol: reset
   Definitions
      At line 2 in file m2.s
   Uses
      None
Comment: reset unused
1 symbol



ARM Macro Assembler    Page 1 Alphabetic symbol ordering
Relocatable symbols

fonction 00000000

Symbol: fonction
   Definitions
      At line 7 in file m2.s
   Uses
      None
Comment: fonction unused
m2 00000000

Symbol: m2
   Definitions
      At line 9 in file m2.s
   Uses
      At line 6 in file m2.s
Comment: m2 used once
2 symbols



ARM Macro Assembler    Page 1 Alphabetic symbol ordering
External symbols

TabCos 00000000

Symbol: TabCos
   Definitions
      At line 4 in file m2.s
   Uses
      At line 15 in file m2.s
Comment: TabCos used once
TabSin 00000000

Symbol: TabSin
   Definitions
      At line 5 in file m2.s
   Uses
      At line 20 in file m2.s
Comment: TabSin used once
reimdft 00000000

Symbol: reimdft
   Definitions
      At line 3 in file m2.s
   Uses
      At line 16 in file m2.s
      At line 22 in file m2.s

3 symbols
342 symbols in table
