


ARM Macro Assembler    Page 1 


    1 00000000                 thumb
    2 00000000                 area             fonction, code, readonly
    3 00000000                 export           m2
    4 00000000                 import           reimdft
    5 00000000                 import           TabCos
    6 00000000                 import           TabSin
    7 00000000         
    8 00000000         
    9 00000000         m2      PROC
   10 00000000 B570            push             {r4,r5,r6,LR}
   11 00000002         ; l'adresse de dma_buf est dans r0, k est dans r1
   12 00000002 4604            mov              r4, r0      ; on met l'adresse 
                                                            de TabSig dans r4
   13 00000004         
   14 00000004 4A06            ldr              r2,=TabCos
   15 00000006 F7FF FFFE       BL               reimdft     ; appel de reimdft 
                                                            avec cos (calcul de
                                                             Re(k), retour dans
                                                             r0)
   16 0000000A FB80 5600       smull            r5,r6,r0,r0 ; calcul de Re² : o
                                                            n garde 32 bits. PO
                                                            INT D'ARRET : Re(k)
                                                             dans R0
   17 0000000E         
   18 0000000E 4620            mov              r0, r4      ; on remet l'adress
                                                            e de TabSig dans r0
                                                            
   19 00000010 4A04            ldr              r2,=TabSin
   20 00000012         
   21 00000012 F7FF FFFE       BL               reimdft     ; appel de reimdft 
                                                            avec sin (calcul de
                                                             Im(k), retour dans
                                                             r0)
   22 00000016 FBC0 5600       smlal            r5,r6, r0,r0 ; calcul de Im² : 
                                                            on garde 32 bits. P
                                                            OINT D'ARRET : Im(k
                                                            ) dans R0
   23 0000001A 4630            mov              r0,r6       ; on ajoute Re² à I
                                                            m²
   24 0000001C         
   25 0000001C BD70            pop{r4,r5,r6,PC}
   26 0000001E                 ENDP
   27 0000001E                 END
              00 00 00000000 
              00000000 
Command Line: --debug --xref --diag_suppress=9931 --cpu=Cortex-M3 --apcs=interw
ork --depend=.\objects\m2.d -o.\objects\m2.o -I.\RTE\_Target_1 -IC:\Users\Pierr
e\AppData\Local\Arm\Packs\Keil\STM32F1xx_DFP\2.3.0\Device\Include -I"C:\Program
 Files\Keil_v5\ARM\CMSIS\Include" --predefine="__EVAL SETA 1" --predefine="__MI
CROLIB SETA 1" --predefine="__UVISION_VERSION SETA 529" --predefine="STM32F10X_
MD SETA 1" --list=.\listings\m2.lst m2.s



ARM Macro Assembler    Page 1 Alphabetic symbol ordering
Relocatable symbols

fonction 00000000

Symbol: fonction
   Definitions
      At line 2 in file m2.s
   Uses
      None
Comment: fonction unused
m2 00000000

Symbol: m2
   Definitions
      At line 9 in file m2.s
   Uses
      At line 3 in file m2.s
Comment: m2 used once
2 symbols



ARM Macro Assembler    Page 1 Alphabetic symbol ordering
External symbols

TabCos 00000000

Symbol: TabCos
   Definitions
      At line 5 in file m2.s
   Uses
      At line 14 in file m2.s
Comment: TabCos used once
TabSin 00000000

Symbol: TabSin
   Definitions
      At line 6 in file m2.s
   Uses
      At line 19 in file m2.s
Comment: TabSin used once
reimdft 00000000

Symbol: reimdft
   Definitions
      At line 4 in file m2.s
   Uses
      At line 15 in file m2.s
      At line 21 in file m2.s

3 symbols
341 symbols in table
